Sun 01:14: ########################################## 
Sun 01:14: Compiling.
Sun 01:14: ########################################## 

Sun 01:14: MaxCompiler version: 2014.2.
Sun 01:14: Build Simulation run rule for Dense-Matrix-Multiplication start time: Sun May 10 01:14:17 BST 2015.
Sun 01:14: Project location: /home/imilankovic/workspace/Dense-Matrix-Multiplication.
Sun 01:14: Detailed build log: /home/imilankovic/workspace/Dense-Matrix-Multiplication/RunRules/Simulation/build.log.

Sun 01:14: Compiling Engine Code.
Sun 01:14: Engine building skipped (no changes on .max files).
Sun 01:14: Compiling CPU Code.
Sun 01:14: Run CPU project make files updating
Sun 01:14: Executing command:
Sun 01:14: java -jar /network-raid/opt/maxcompiler-2014.2/lib/MaxIDE/projectAdmin.jar -u /home/imilankovic/workspace/Dense-Matrix-Multiplication Simulation 
Sun 01:14: Command output:

Sun 01:14: MaxCompiler Project Admin Tool Version 2014.2
Sun 01:14:  Copyright Maxeler Technologies 2010 - 2014. All rights reserved.
Sun 01:14: Handler version 2
Sun 01:14: Updating RunRule dependent Makefiles for RunRule 'Simulation'
Sun 01:14: 	Updating: Simulation
Sun 01:14: Found makefiles: 1
Sun 01:14: 	Updated: Simulation
Sun 01:14: Run CPU make.
Sun 01:14: make RUNRULE=Simulation 
Sun 01:14: Command output:
Sun 01:14: make -f Makefile.rules build
Sun 01:14: make[1]: Entering directory `/home/imilankovic/workspace/Dense-Matrix-Multiplication/CPUCode'
Sun 01:14: set -e; rm -f ../RunRules/Simulation/objects/c/Example/src/dgemm_example.d ;                                                             \
Sun 01:14: 	  cc -M -std=gnu99 -g -O3 -Wall -Wextra -I../RunRules/Simulation/include  -I '/network-raid/opt/maxcompiler-2014.2/include/slic'  -I/home/imilankovic/opt/OpenBLAS/include/ -Wno-error Example/src/dgemm_example.c > ../RunRules/Simulation/objects/c/Example/src/dgemm_example.d.$$ ;                                 \
Sun 01:14:       sed 's,\(Example/src/dgemm_example\)\.o[ :]*,../RunRules/Simulation/objects/c/\1.o ../RunRules/Simulation/objects/c/Example/src/dgemm_example.d : ,g' < ../RunRules/Simulation/objects/c/Example/src/dgemm_example.d.$$ > ../RunRules/Simulation/objects/c/Example/src/dgemm_example.d; \
Sun 01:14:       rm -f ../RunRules/Simulation/objects/c/Example/src/dgemm_example.d.$$
Sun 01:14: make[1]: Leaving directory `/home/imilankovic/workspace/Dense-Matrix-Multiplication/CPUCode'
Sun 01:14: make[1]: Entering directory `/home/imilankovic/workspace/Dense-Matrix-Multiplication/CPUCode'
Sun 01:14: cc -std=gnu99 -g -O3 -Wall -Wextra -I../RunRules/Simulation/include  -I '/network-raid/opt/maxcompiler-2014.2/include/slic'  -I/home/imilankovic/opt/OpenBLAS/include/ -c Example/src/dgemm_example.c -o ../RunRules/Simulation/objects/c/Example/src/dgemm_example.o
Sun 01:14: Example/src/dgemm_example.c: In function 'dgemm_model':
Sun 01:14: Example/src/dgemm_example.c:26: warning: unused parameter 'trans_a'
Sun 01:14: Example/src/dgemm_example.c:26: warning: unused parameter 'trans_b'
Sun 01:14: Example/src/dgemm_example.c: In function 'main':
Sun 01:14: Example/src/dgemm_example.c:95: warning: format '%d' expects type 'int', but argument 2 has type 'size_t'
Sun 01:14: Example/src/dgemm_example.c:95: warning: format '%d' expects type 'int', but argument 3 has type 'size_t'
Sun 01:14: Example/src/dgemm_example.c:95: warning: format '%d' expects type 'int', but argument 4 has type 'size_t'
Sun 01:14: Example/src/dgemm_example.c:97: warning: implicit declaration of function 'dgemm_init'
Sun 01:14: Example/src/dgemm_example.c:114: warning: comparison between signed and unsigned integer expressions
Sun 01:14: Example/src/dgemm_example.c:118: warning: comparison between signed and unsigned integer expressions
Sun 01:14: Example/src/dgemm_example.c:122: warning: comparison between signed and unsigned integer expressions
Sun 01:14: Example/src/dgemm_example.c:138: warning: implicit declaration of function 'dgemm'
Sun 01:14: Example/src/dgemm_example.c: At top level:
Sun 01:14: Example/src/dgemm_example.c:11: warning: 'min' defined but not used
Sun 01:14: cc -std=gnu99 -g -O3 -Wall -Wextra -I../RunRules/Simulation/include  -I '/network-raid/opt/maxcompiler-2014.2/include/slic'  -I/home/imilankovic/opt/OpenBLAS/include/ -o ../RunRules/Simulation/binaries/DGEMM ../RunRules/Simulation/objects/maxfiles/slic_DGEMM.o ../RunRules/Simulation/objects/c/Example/src/dgemm_example.o ../RunRules/Simulation/objects/c/Library/src/dgemm.o -g -O3  -L '/network-raid/opt/maxcompiler-2014.2/lib' -lslic -L '/network-raid/opt/maxeleros-2014.2/maxeleros/lib' -lmaxeleros -lpthread -lm -lrt  -L '/home/imilankovic/opt/OpenBLAS/lib'
Sun 01:14: make[1]: Leaving directory `/home/imilankovic/workspace/Dense-Matrix-Multiplication/CPUCode'
Sun 01:14: Build completed: Sun May 10 01:14:18 BST 2015


